<?xml version="1.0" encoding="UTF-8"?>
<!-- Generated by org.testng.reporters.JUnitReportReporter -->
<testsuite hostname="Tejshrees-MacBook-Air.local" failures="0" tests="1" name="com.cadd.qa.testcases.HomePageTests" time="43.058" errors="0" timestamp="2025-02-26T16:17:02 EST" skipped="0">
  <testcase classname="com.cadd.qa.testcases.HomePageTests" name="verifyClickingOnSignInButtonOpensLoginPage" time="43.058"/>
</testsuite> <!-- com.cadd.qa.testcases.HomePageTests -->
