<?xml version="1.0" encoding="UTF-8"?>
<!-- Generated by org.testng.reporters.JUnitReportReporter -->
<testsuite hostname="Tejshrees-MacBook-Air.local" failures="0" tests="1" name="com.cadd.qa.testcases.LoginPageTests" time="46.832" errors="0" timestamp="2025-02-20T23:43:05 EST" skipped="0">
  <testcase classname="com.cadd.qa.testcases.LoginPageTests" name="verifyErrorMessageIsDisplayedWhenUserTriesToLoginWithoutEnteringEmailAndPassword" time="46.832"/>
</testsuite> <!-- com.cadd.qa.testcases.LoginPageTests -->
