<?xml version="1.0" encoding="UTF-8"?>
<!-- Generated by org.testng.reporters.JUnitReportReporter -->
<testsuite hostname="Tejshrees-MacBook-Air.local" failures="0" tests="1" name="com.cadd.qa.testcases.CADDrawingsPageTests" time="104.563" errors="0" timestamp="2025-02-26T13:14:51 EST" skipped="0">
  <testcase classname="com.cadd.qa.testcases.CADDrawingsPageTests" name="verifyUserIsAbleToPreviewAndDownloadContentFromVisualizer" time="104.563"/>
</testsuite> <!-- com.cadd.qa.testcases.CADDrawingsPageTests -->
