<?xml version="1.0" encoding="UTF-8"?>
<!-- Generated by org.testng.reporters.JUnitReportReporter -->
<testsuite hostname="Tejshrees-MacBook-Air.local" failures="0" tests="3" name="com.cadd.qa.testcases.HomePageTests" time="158.280" errors="0" timestamp="2025-02-20T10:57:34 EST" skipped="0">
  <testcase classname="com.cadd.qa.testcases.HomePageTests" name="verifyUserIsAuthBlockedWhenUserClicksCADLinkOnHomePage" time="42.519"/>
  <testcase classname="com.cadd.qa.testcases.HomePageTests" name="verifyClickingOnSignInButtonOpensLoginPage" time="45.032"/>
  <testcase classname="com.cadd.qa.testcases.HomePageTests" name="verifyUnloggedUserCannotPreviewAndDownloadContentsFromVisualizer" time="70.729"/>
</testsuite> <!-- com.cadd.qa.testcases.HomePageTests -->
