<?xml version="1.0" encoding="UTF-8"?>
<!-- Generated by org.testng.reporters.JUnitReportReporter -->
<testsuite hostname="Tejshrees-MacBook-Air.local" failures="0" tests="3" name="com.cadd.qa.testcases.LoginPageTests" time="164.639" errors="0" timestamp="2025-02-20T10:57:34 EST" skipped="0">
  <testcase classname="com.cadd.qa.testcases.LoginPageTests" name="verifyErrorMessageIsDisplayedWhenValidEmailButInvalidPaswordIsEnteredForLogin" time="48.607"/>
  <testcase classname="com.cadd.qa.testcases.LoginPageTests" name="verifyErrorMessageIsDisplayedWhenInvalidEmailIsEnteredForLogin" time="50.132"/>
  <testcase classname="com.cadd.qa.testcases.LoginPageTests" name="verifyUserIsAbleToLoginWithValidCredentials" time="65.900"/>
</testsuite> <!-- com.cadd.qa.testcases.LoginPageTests -->
