<?xml version="1.0" encoding="UTF-8"?>
<!-- Generated by org.testng.reporters.JUnitReportReporter -->
<testsuite hostname="Tejshrees-MacBook-Air.local" failures="0" tests="1" name="com.cadd.qa.testcases.HomePageTests" time="45.870" errors="0" timestamp="2025-02-26T16:47:22 EST" skipped="0">
  <testcase classname="com.cadd.qa.testcases.HomePageTests" name="verifyClickingOnSignInButtonOpensLoginPage" time="45.870"/>
</testsuite> <!-- com.cadd.qa.testcases.HomePageTests -->
