<?xml version="1.0" encoding="UTF-8"?>
<!-- Generated by org.testng.reporters.JUnitReportReporter -->
<testsuite hostname="Tejshrees-MacBook-Air.local" failures="0" tests="1" name="com.cadd.qa.testcases.UserHomePageTests" time="113.262" errors="0" timestamp="2025-02-20T10:57:34 EST" skipped="0">
  <testcase classname="com.cadd.qa.testcases.UserHomePageTests" name="verifyLoggedInUserIsAbleToDownloadCADSampleCollectionFromHomePage" time="113.262"/>
</testsuite> <!-- com.cadd.qa.testcases.UserHomePageTests -->
