<?xml version="1.0" encoding="UTF-8"?>
<!-- Generated by org.testng.reporters.JUnitReportReporter -->
<testsuite hostname="Tejshrees-MacBook-Air.local" failures="0" tests="1" name="com.cadd.qa.testcases.LoginPageTests" time="54.800" errors="0" timestamp="2025-02-25T17:04:13 EST" skipped="0">
  <testcase classname="com.cadd.qa.testcases.LoginPageTests" name="verifyErrorMessageIsDisplayedWhenUserTriesToLoginWithoutEnteringEmailAndPassword" time="54.800"/>
</testsuite> <!-- com.cadd.qa.testcases.LoginPageTests -->
